c:\users\ralha\documents\visual studio 2012\projects\cg_11\cg_11\debug\tp3.obj
c:\users\ralha\documents\visual studio 2012\projects\cg_11\cg_11\debug\vc110.pdb
c:\users\ralha\documents\visual studio 2012\projects\cg_11\cg_11\debug\tp2.obj
c:\users\ralha\documents\visual studio 2012\projects\cg_11\cg_11\debug\cg_10_ex1.obj
c:\users\ralha\documents\visual studio 2012\projects\cg_11\cg_11\debug\tp_dinis_seabra.obj
c:\users\ralha\documents\visual studio 2012\projects\cg_11\cg_11\debug\vicente.obj
c:\users\ralha\documents\visual studio 2012\projects\cg_11\debug\cg_11.ilk
c:\users\ralha\documents\visual studio 2012\projects\cg_11\debug\cg_11.exe
c:\users\ralha\documents\visual studio 2012\projects\cg_11\debug\cg_11.pdb
d:\documents\faculdade\4ºano\2ºsemestre\computação gráfica\tp3\cg_11\cg_11\debug\vc141.pdb
d:\documents\faculdade\4ºano\2ºsemestre\computação gráfica\tp3\cg_11\cg_11\debug\vc141.idb
d:\documents\faculdade\4ºano\2ºsemestre\computação gráfica\tp3\cg_11\cg_11\debug\tp3.obj
d:\documents\faculdade\4ºano\2ºsemestre\computação gráfica\tp3\cg_11\debug\cg_11.ilk
d:\documents\faculdade\4ºano\2ºsemestre\computação gráfica\tp3\cg_11\debug\cg_11.exe
d:\documents\faculdade\4ºano\2ºsemestre\computação gráfica\tp3\cg_11\debug\lnk{a2b0d0e5-e8c9-41ed-8228-168ec6b8b090}.tmp
d:\documents\faculdade\4ºano\2ºsemestre\computação gráfica\tp3\cg_11\debug\cg_11.pdb
d:\documents\faculdade\4ºano\2ºsemestre\computação gráfica\tp3\cg_11\cg_11\debug\cg_10_ex1.obj
d:\documents\faculdade\4ºano\2ºsemestre\computação gráfica\tp3\cg_11\cg_11\debug\tp2.obj
d:\documents\faculdade\4ºano\2ºsemestre\computação gráfica\tp3\cg_11\cg_11\debug\tp_dinis_seabra.obj
d:\documents\faculdade\4ºano\2ºsemestre\computação gráfica\tp3\cg_11\cg_11\debug\vicente.obj
d:\documents\faculdade\4ºano\2ºsemestre\computação gráfica\tp3\cg_11\cg_11\debug\cl.command.1.tlog
d:\documents\faculdade\4ºano\2ºsemestre\computação gráfica\tp3\cg_11\cg_11\debug\cl.read.1.tlog
d:\documents\faculdade\4ºano\2ºsemestre\computação gráfica\tp3\cg_11\cg_11\debug\cl.write.1.tlog
d:\documents\faculdade\4ºano\2ºsemestre\computação gráfica\tp3\cg_11\cg_11\debug\link-cvtres.read.1.tlog
d:\documents\faculdade\4ºano\2ºsemestre\computação gráfica\tp3\cg_11\cg_11\debug\link-cvtres.write.1.tlog
d:\documents\faculdade\4ºano\2ºsemestre\computação gráfica\tp3\cg_11\cg_11\debug\link-rc.read.1.tlog
d:\documents\faculdade\4ºano\2ºsemestre\computação gráfica\tp3\cg_11\cg_11\debug\link-rc.write.1.tlog
d:\documents\faculdade\4ºano\2ºsemestre\computação gráfica\tp3\cg_11\cg_11\debug\link.10268-cvtres.read.1.tlog
d:\documents\faculdade\4ºano\2ºsemestre\computação gráfica\tp3\cg_11\cg_11\debug\link.10268-cvtres.write.1.tlog
d:\documents\faculdade\4ºano\2ºsemestre\computação gráfica\tp3\cg_11\cg_11\debug\link.10268-rc.read.1.tlog
d:\documents\faculdade\4ºano\2ºsemestre\computação gráfica\tp3\cg_11\cg_11\debug\link.10268-rc.write.1.tlog
d:\documents\faculdade\4ºano\2ºsemestre\computação gráfica\tp3\cg_11\cg_11\debug\link.10268.read.1.tlog
d:\documents\faculdade\4ºano\2ºsemestre\computação gráfica\tp3\cg_11\cg_11\debug\link.10268.write.1.tlog
d:\documents\faculdade\4ºano\2ºsemestre\computação gráfica\tp3\cg_11\cg_11\debug\link.10416-cvtres.read.1.tlog
d:\documents\faculdade\4ºano\2ºsemestre\computação gráfica\tp3\cg_11\cg_11\debug\link.10416-cvtres.write.1.tlog
d:\documents\faculdade\4ºano\2ºsemestre\computação gráfica\tp3\cg_11\cg_11\debug\link.10416-rc.read.1.tlog
d:\documents\faculdade\4ºano\2ºsemestre\computação gráfica\tp3\cg_11\cg_11\debug\link.10416-rc.write.1.tlog
d:\documents\faculdade\4ºano\2ºsemestre\computação gráfica\tp3\cg_11\cg_11\debug\link.10416.read.1.tlog
d:\documents\faculdade\4ºano\2ºsemestre\computação gráfica\tp3\cg_11\cg_11\debug\link.10416.write.1.tlog
d:\documents\faculdade\4ºano\2ºsemestre\computação gráfica\tp3\cg_11\cg_11\debug\link.10544-cvtres.read.1.tlog
d:\documents\faculdade\4ºano\2ºsemestre\computação gráfica\tp3\cg_11\cg_11\debug\link.10544-cvtres.write.1.tlog
d:\documents\faculdade\4ºano\2ºsemestre\computação gráfica\tp3\cg_11\cg_11\debug\link.10544-rc.read.1.tlog
d:\documents\faculdade\4ºano\2ºsemestre\computação gráfica\tp3\cg_11\cg_11\debug\link.10544-rc.write.1.tlog
d:\documents\faculdade\4ºano\2ºsemestre\computação gráfica\tp3\cg_11\cg_11\debug\link.10544.read.1.tlog
d:\documents\faculdade\4ºano\2ºsemestre\computação gráfica\tp3\cg_11\cg_11\debug\link.10544.write.1.tlog
d:\documents\faculdade\4ºano\2ºsemestre\computação gráfica\tp3\cg_11\cg_11\debug\link.10560-cvtres.read.1.tlog
d:\documents\faculdade\4ºano\2ºsemestre\computação gráfica\tp3\cg_11\cg_11\debug\link.10560-cvtres.write.1.tlog
d:\documents\faculdade\4ºano\2ºsemestre\computação gráfica\tp3\cg_11\cg_11\debug\link.10560-rc.read.1.tlog
d:\documents\faculdade\4ºano\2ºsemestre\computação gráfica\tp3\cg_11\cg_11\debug\link.10560-rc.write.1.tlog
d:\documents\faculdade\4ºano\2ºsemestre\computação gráfica\tp3\cg_11\cg_11\debug\link.10560.read.1.tlog
d:\documents\faculdade\4ºano\2ºsemestre\computação gráfica\tp3\cg_11\cg_11\debug\link.10560.write.1.tlog
d:\documents\faculdade\4ºano\2ºsemestre\computação gráfica\tp3\cg_11\cg_11\debug\link.10932-cvtres.read.1.tlog
d:\documents\faculdade\4ºano\2ºsemestre\computação gráfica\tp3\cg_11\cg_11\debug\link.10932-cvtres.write.1.tlog
d:\documents\faculdade\4ºano\2ºsemestre\computação gráfica\tp3\cg_11\cg_11\debug\link.10932-rc.read.1.tlog
d:\documents\faculdade\4ºano\2ºsemestre\computação gráfica\tp3\cg_11\cg_11\debug\link.10932-rc.write.1.tlog
d:\documents\faculdade\4ºano\2ºsemestre\computação gráfica\tp3\cg_11\cg_11\debug\link.10932.read.1.tlog
d:\documents\faculdade\4ºano\2ºsemestre\computação gráfica\tp3\cg_11\cg_11\debug\link.10932.write.1.tlog
d:\documents\faculdade\4ºano\2ºsemestre\computação gráfica\tp3\cg_11\cg_11\debug\link.10984-cvtres.read.1.tlog
d:\documents\faculdade\4ºano\2ºsemestre\computação gráfica\tp3\cg_11\cg_11\debug\link.10984-cvtres.write.1.tlog
d:\documents\faculdade\4ºano\2ºsemestre\computação gráfica\tp3\cg_11\cg_11\debug\link.10984-rc.read.1.tlog
d:\documents\faculdade\4ºano\2ºsemestre\computação gráfica\tp3\cg_11\cg_11\debug\link.10984-rc.write.1.tlog
d:\documents\faculdade\4ºano\2ºsemestre\computação gráfica\tp3\cg_11\cg_11\debug\link.10984.read.1.tlog
d:\documents\faculdade\4ºano\2ºsemestre\computação gráfica\tp3\cg_11\cg_11\debug\link.10984.write.1.tlog
d:\documents\faculdade\4ºano\2ºsemestre\computação gráfica\tp3\cg_11\cg_11\debug\link.11052-cvtres.read.1.tlog
d:\documents\faculdade\4ºano\2ºsemestre\computação gráfica\tp3\cg_11\cg_11\debug\link.11052-cvtres.write.1.tlog
d:\documents\faculdade\4ºano\2ºsemestre\computação gráfica\tp3\cg_11\cg_11\debug\link.11052-rc.read.1.tlog
d:\documents\faculdade\4ºano\2ºsemestre\computação gráfica\tp3\cg_11\cg_11\debug\link.11052-rc.write.1.tlog
d:\documents\faculdade\4ºano\2ºsemestre\computação gráfica\tp3\cg_11\cg_11\debug\link.11052.read.1.tlog
d:\documents\faculdade\4ºano\2ºsemestre\computação gráfica\tp3\cg_11\cg_11\debug\link.11052.write.1.tlog
d:\documents\faculdade\4ºano\2ºsemestre\computação gráfica\tp3\cg_11\cg_11\debug\link.11344-cvtres.read.1.tlog
d:\documents\faculdade\4ºano\2ºsemestre\computação gráfica\tp3\cg_11\cg_11\debug\link.11344-cvtres.write.1.tlog
d:\documents\faculdade\4ºano\2ºsemestre\computação gráfica\tp3\cg_11\cg_11\debug\link.11344-rc.read.1.tlog
d:\documents\faculdade\4ºano\2ºsemestre\computação gráfica\tp3\cg_11\cg_11\debug\link.11344-rc.write.1.tlog
d:\documents\faculdade\4ºano\2ºsemestre\computação gráfica\tp3\cg_11\cg_11\debug\link.11344.read.1.tlog
d:\documents\faculdade\4ºano\2ºsemestre\computação gráfica\tp3\cg_11\cg_11\debug\link.11344.write.1.tlog
d:\documents\faculdade\4ºano\2ºsemestre\computação gráfica\tp3\cg_11\cg_11\debug\link.11980-cvtres.read.1.tlog
d:\documents\faculdade\4ºano\2ºsemestre\computação gráfica\tp3\cg_11\cg_11\debug\link.11980-cvtres.write.1.tlog
d:\documents\faculdade\4ºano\2ºsemestre\computação gráfica\tp3\cg_11\cg_11\debug\link.11980-rc.read.1.tlog
d:\documents\faculdade\4ºano\2ºsemestre\computação gráfica\tp3\cg_11\cg_11\debug\link.11980-rc.write.1.tlog
d:\documents\faculdade\4ºano\2ºsemestre\computação gráfica\tp3\cg_11\cg_11\debug\link.11980.read.1.tlog
d:\documents\faculdade\4ºano\2ºsemestre\computação gráfica\tp3\cg_11\cg_11\debug\link.11980.write.1.tlog
d:\documents\faculdade\4ºano\2ºsemestre\computação gráfica\tp3\cg_11\cg_11\debug\link.12608-cvtres.read.1.tlog
d:\documents\faculdade\4ºano\2ºsemestre\computação gráfica\tp3\cg_11\cg_11\debug\link.12608-cvtres.write.1.tlog
d:\documents\faculdade\4ºano\2ºsemestre\computação gráfica\tp3\cg_11\cg_11\debug\link.12608-rc.read.1.tlog
d:\documents\faculdade\4ºano\2ºsemestre\computação gráfica\tp3\cg_11\cg_11\debug\link.12608-rc.write.1.tlog
d:\documents\faculdade\4ºano\2ºsemestre\computação gráfica\tp3\cg_11\cg_11\debug\link.12608.read.1.tlog
d:\documents\faculdade\4ºano\2ºsemestre\computação gráfica\tp3\cg_11\cg_11\debug\link.12608.write.1.tlog
d:\documents\faculdade\4ºano\2ºsemestre\computação gráfica\tp3\cg_11\cg_11\debug\link.1296-cvtres.read.1.tlog
d:\documents\faculdade\4ºano\2ºsemestre\computação gráfica\tp3\cg_11\cg_11\debug\link.1296-cvtres.write.1.tlog
d:\documents\faculdade\4ºano\2ºsemestre\computação gráfica\tp3\cg_11\cg_11\debug\link.1296-rc.read.1.tlog
d:\documents\faculdade\4ºano\2ºsemestre\computação gráfica\tp3\cg_11\cg_11\debug\link.1296-rc.write.1.tlog
d:\documents\faculdade\4ºano\2ºsemestre\computação gráfica\tp3\cg_11\cg_11\debug\link.1296.read.1.tlog
d:\documents\faculdade\4ºano\2ºsemestre\computação gráfica\tp3\cg_11\cg_11\debug\link.1296.write.1.tlog
d:\documents\faculdade\4ºano\2ºsemestre\computação gráfica\tp3\cg_11\cg_11\debug\link.13516-cvtres.read.1.tlog
d:\documents\faculdade\4ºano\2ºsemestre\computação gráfica\tp3\cg_11\cg_11\debug\link.13516-cvtres.write.1.tlog
d:\documents\faculdade\4ºano\2ºsemestre\computação gráfica\tp3\cg_11\cg_11\debug\link.13516-rc.read.1.tlog
d:\documents\faculdade\4ºano\2ºsemestre\computação gráfica\tp3\cg_11\cg_11\debug\link.13516-rc.write.1.tlog
d:\documents\faculdade\4ºano\2ºsemestre\computação gráfica\tp3\cg_11\cg_11\debug\link.13516.read.1.tlog
d:\documents\faculdade\4ºano\2ºsemestre\computação gráfica\tp3\cg_11\cg_11\debug\link.13516.write.1.tlog
d:\documents\faculdade\4ºano\2ºsemestre\computação gráfica\tp3\cg_11\cg_11\debug\link.1384-cvtres.read.1.tlog
d:\documents\faculdade\4ºano\2ºsemestre\computação gráfica\tp3\cg_11\cg_11\debug\link.1384-cvtres.write.1.tlog
d:\documents\faculdade\4ºano\2ºsemestre\computação gráfica\tp3\cg_11\cg_11\debug\link.1384-rc.read.1.tlog
d:\documents\faculdade\4ºano\2ºsemestre\computação gráfica\tp3\cg_11\cg_11\debug\link.1384-rc.write.1.tlog
d:\documents\faculdade\4ºano\2ºsemestre\computação gráfica\tp3\cg_11\cg_11\debug\link.1384.read.1.tlog
d:\documents\faculdade\4ºano\2ºsemestre\computação gráfica\tp3\cg_11\cg_11\debug\link.1384.write.1.tlog
d:\documents\faculdade\4ºano\2ºsemestre\computação gráfica\tp3\cg_11\cg_11\debug\link.1700-cvtres.read.1.tlog
d:\documents\faculdade\4ºano\2ºsemestre\computação gráfica\tp3\cg_11\cg_11\debug\link.1700-cvtres.write.1.tlog
d:\documents\faculdade\4ºano\2ºsemestre\computação gráfica\tp3\cg_11\cg_11\debug\link.1700-rc.read.1.tlog
d:\documents\faculdade\4ºano\2ºsemestre\computação gráfica\tp3\cg_11\cg_11\debug\link.1700-rc.write.1.tlog
d:\documents\faculdade\4ºano\2ºsemestre\computação gráfica\tp3\cg_11\cg_11\debug\link.1700.read.1.tlog
d:\documents\faculdade\4ºano\2ºsemestre\computação gráfica\tp3\cg_11\cg_11\debug\link.1700.write.1.tlog
d:\documents\faculdade\4ºano\2ºsemestre\computação gráfica\tp3\cg_11\cg_11\debug\link.196-cvtres.read.1.tlog
d:\documents\faculdade\4ºano\2ºsemestre\computação gráfica\tp3\cg_11\cg_11\debug\link.196-cvtres.write.1.tlog
d:\documents\faculdade\4ºano\2ºsemestre\computação gráfica\tp3\cg_11\cg_11\debug\link.196-rc.read.1.tlog
d:\documents\faculdade\4ºano\2ºsemestre\computação gráfica\tp3\cg_11\cg_11\debug\link.196-rc.write.1.tlog
d:\documents\faculdade\4ºano\2ºsemestre\computação gráfica\tp3\cg_11\cg_11\debug\link.196.read.1.tlog
d:\documents\faculdade\4ºano\2ºsemestre\computação gráfica\tp3\cg_11\cg_11\debug\link.196.write.1.tlog
d:\documents\faculdade\4ºano\2ºsemestre\computação gráfica\tp3\cg_11\cg_11\debug\link.2756-cvtres.read.1.tlog
d:\documents\faculdade\4ºano\2ºsemestre\computação gráfica\tp3\cg_11\cg_11\debug\link.2756-cvtres.write.1.tlog
d:\documents\faculdade\4ºano\2ºsemestre\computação gráfica\tp3\cg_11\cg_11\debug\link.2756-rc.read.1.tlog
d:\documents\faculdade\4ºano\2ºsemestre\computação gráfica\tp3\cg_11\cg_11\debug\link.2756-rc.write.1.tlog
d:\documents\faculdade\4ºano\2ºsemestre\computação gráfica\tp3\cg_11\cg_11\debug\link.2756.read.1.tlog
d:\documents\faculdade\4ºano\2ºsemestre\computação gráfica\tp3\cg_11\cg_11\debug\link.2756.write.1.tlog
d:\documents\faculdade\4ºano\2ºsemestre\computação gráfica\tp3\cg_11\cg_11\debug\link.4148-cvtres.read.1.tlog
d:\documents\faculdade\4ºano\2ºsemestre\computação gráfica\tp3\cg_11\cg_11\debug\link.4148-cvtres.write.1.tlog
d:\documents\faculdade\4ºano\2ºsemestre\computação gráfica\tp3\cg_11\cg_11\debug\link.4148-rc.read.1.tlog
d:\documents\faculdade\4ºano\2ºsemestre\computação gráfica\tp3\cg_11\cg_11\debug\link.4148-rc.write.1.tlog
d:\documents\faculdade\4ºano\2ºsemestre\computação gráfica\tp3\cg_11\cg_11\debug\link.4148.read.1.tlog
d:\documents\faculdade\4ºano\2ºsemestre\computação gráfica\tp3\cg_11\cg_11\debug\link.4148.write.1.tlog
d:\documents\faculdade\4ºano\2ºsemestre\computação gráfica\tp3\cg_11\cg_11\debug\link.4812-cvtres.read.1.tlog
d:\documents\faculdade\4ºano\2ºsemestre\computação gráfica\tp3\cg_11\cg_11\debug\link.4812-cvtres.write.1.tlog
d:\documents\faculdade\4ºano\2ºsemestre\computação gráfica\tp3\cg_11\cg_11\debug\link.4812-rc.read.1.tlog
d:\documents\faculdade\4ºano\2ºsemestre\computação gráfica\tp3\cg_11\cg_11\debug\link.4812-rc.write.1.tlog
d:\documents\faculdade\4ºano\2ºsemestre\computação gráfica\tp3\cg_11\cg_11\debug\link.4812.read.1.tlog
d:\documents\faculdade\4ºano\2ºsemestre\computação gráfica\tp3\cg_11\cg_11\debug\link.4812.write.1.tlog
d:\documents\faculdade\4ºano\2ºsemestre\computação gráfica\tp3\cg_11\cg_11\debug\link.5056-cvtres.read.1.tlog
d:\documents\faculdade\4ºano\2ºsemestre\computação gráfica\tp3\cg_11\cg_11\debug\link.5056-cvtres.write.1.tlog
d:\documents\faculdade\4ºano\2ºsemestre\computação gráfica\tp3\cg_11\cg_11\debug\link.5056-rc.read.1.tlog
d:\documents\faculdade\4ºano\2ºsemestre\computação gráfica\tp3\cg_11\cg_11\debug\link.5056-rc.write.1.tlog
d:\documents\faculdade\4ºano\2ºsemestre\computação gráfica\tp3\cg_11\cg_11\debug\link.5056.read.1.tlog
d:\documents\faculdade\4ºano\2ºsemestre\computação gráfica\tp3\cg_11\cg_11\debug\link.5056.write.1.tlog
d:\documents\faculdade\4ºano\2ºsemestre\computação gráfica\tp3\cg_11\cg_11\debug\link.5196-cvtres.read.1.tlog
d:\documents\faculdade\4ºano\2ºsemestre\computação gráfica\tp3\cg_11\cg_11\debug\link.5196-cvtres.write.1.tlog
d:\documents\faculdade\4ºano\2ºsemestre\computação gráfica\tp3\cg_11\cg_11\debug\link.5196-rc.read.1.tlog
d:\documents\faculdade\4ºano\2ºsemestre\computação gráfica\tp3\cg_11\cg_11\debug\link.5196-rc.write.1.tlog
d:\documents\faculdade\4ºano\2ºsemestre\computação gráfica\tp3\cg_11\cg_11\debug\link.5196.read.1.tlog
d:\documents\faculdade\4ºano\2ºsemestre\computação gráfica\tp3\cg_11\cg_11\debug\link.5196.write.1.tlog
d:\documents\faculdade\4ºano\2ºsemestre\computação gráfica\tp3\cg_11\cg_11\debug\link.5348-cvtres.read.1.tlog
d:\documents\faculdade\4ºano\2ºsemestre\computação gráfica\tp3\cg_11\cg_11\debug\link.5348-cvtres.write.1.tlog
d:\documents\faculdade\4ºano\2ºsemestre\computação gráfica\tp3\cg_11\cg_11\debug\link.5348-rc.read.1.tlog
d:\documents\faculdade\4ºano\2ºsemestre\computação gráfica\tp3\cg_11\cg_11\debug\link.5348-rc.write.1.tlog
d:\documents\faculdade\4ºano\2ºsemestre\computação gráfica\tp3\cg_11\cg_11\debug\link.5348.read.1.tlog
d:\documents\faculdade\4ºano\2ºsemestre\computação gráfica\tp3\cg_11\cg_11\debug\link.5348.write.1.tlog
d:\documents\faculdade\4ºano\2ºsemestre\computação gráfica\tp3\cg_11\cg_11\debug\link.6024-cvtres.read.1.tlog
d:\documents\faculdade\4ºano\2ºsemestre\computação gráfica\tp3\cg_11\cg_11\debug\link.6024-cvtres.write.1.tlog
d:\documents\faculdade\4ºano\2ºsemestre\computação gráfica\tp3\cg_11\cg_11\debug\link.6024-rc.read.1.tlog
d:\documents\faculdade\4ºano\2ºsemestre\computação gráfica\tp3\cg_11\cg_11\debug\link.6024-rc.write.1.tlog
d:\documents\faculdade\4ºano\2ºsemestre\computação gráfica\tp3\cg_11\cg_11\debug\link.6024.read.1.tlog
d:\documents\faculdade\4ºano\2ºsemestre\computação gráfica\tp3\cg_11\cg_11\debug\link.6024.write.1.tlog
d:\documents\faculdade\4ºano\2ºsemestre\computação gráfica\tp3\cg_11\cg_11\debug\link.6460-cvtres.read.1.tlog
d:\documents\faculdade\4ºano\2ºsemestre\computação gráfica\tp3\cg_11\cg_11\debug\link.6460-cvtres.write.1.tlog
d:\documents\faculdade\4ºano\2ºsemestre\computação gráfica\tp3\cg_11\cg_11\debug\link.6460-rc.read.1.tlog
d:\documents\faculdade\4ºano\2ºsemestre\computação gráfica\tp3\cg_11\cg_11\debug\link.6460-rc.write.1.tlog
d:\documents\faculdade\4ºano\2ºsemestre\computação gráfica\tp3\cg_11\cg_11\debug\link.6460.read.1.tlog
d:\documents\faculdade\4ºano\2ºsemestre\computação gráfica\tp3\cg_11\cg_11\debug\link.6460.write.1.tlog
d:\documents\faculdade\4ºano\2ºsemestre\computação gráfica\tp3\cg_11\cg_11\debug\link.6644-cvtres.read.1.tlog
d:\documents\faculdade\4ºano\2ºsemestre\computação gráfica\tp3\cg_11\cg_11\debug\link.6644-cvtres.write.1.tlog
d:\documents\faculdade\4ºano\2ºsemestre\computação gráfica\tp3\cg_11\cg_11\debug\link.6644-rc.read.1.tlog
d:\documents\faculdade\4ºano\2ºsemestre\computação gráfica\tp3\cg_11\cg_11\debug\link.6644-rc.write.1.tlog
d:\documents\faculdade\4ºano\2ºsemestre\computação gráfica\tp3\cg_11\cg_11\debug\link.6644.read.1.tlog
d:\documents\faculdade\4ºano\2ºsemestre\computação gráfica\tp3\cg_11\cg_11\debug\link.6644.write.1.tlog
d:\documents\faculdade\4ºano\2ºsemestre\computação gráfica\tp3\cg_11\cg_11\debug\link.6764-cvtres.read.1.tlog
d:\documents\faculdade\4ºano\2ºsemestre\computação gráfica\tp3\cg_11\cg_11\debug\link.6764-cvtres.write.1.tlog
d:\documents\faculdade\4ºano\2ºsemestre\computação gráfica\tp3\cg_11\cg_11\debug\link.6764-rc.read.1.tlog
d:\documents\faculdade\4ºano\2ºsemestre\computação gráfica\tp3\cg_11\cg_11\debug\link.6764-rc.write.1.tlog
d:\documents\faculdade\4ºano\2ºsemestre\computação gráfica\tp3\cg_11\cg_11\debug\link.6764.read.1.tlog
d:\documents\faculdade\4ºano\2ºsemestre\computação gráfica\tp3\cg_11\cg_11\debug\link.6764.write.1.tlog
d:\documents\faculdade\4ºano\2ºsemestre\computação gráfica\tp3\cg_11\cg_11\debug\link.7232-cvtres.read.1.tlog
d:\documents\faculdade\4ºano\2ºsemestre\computação gráfica\tp3\cg_11\cg_11\debug\link.7232-cvtres.write.1.tlog
d:\documents\faculdade\4ºano\2ºsemestre\computação gráfica\tp3\cg_11\cg_11\debug\link.7232-rc.read.1.tlog
d:\documents\faculdade\4ºano\2ºsemestre\computação gráfica\tp3\cg_11\cg_11\debug\link.7232-rc.write.1.tlog
d:\documents\faculdade\4ºano\2ºsemestre\computação gráfica\tp3\cg_11\cg_11\debug\link.7232.read.1.tlog
d:\documents\faculdade\4ºano\2ºsemestre\computação gráfica\tp3\cg_11\cg_11\debug\link.7232.write.1.tlog
d:\documents\faculdade\4ºano\2ºsemestre\computação gráfica\tp3\cg_11\cg_11\debug\link.7584-cvtres.read.1.tlog
d:\documents\faculdade\4ºano\2ºsemestre\computação gráfica\tp3\cg_11\cg_11\debug\link.7584-cvtres.write.1.tlog
d:\documents\faculdade\4ºano\2ºsemestre\computação gráfica\tp3\cg_11\cg_11\debug\link.7584-rc.read.1.tlog
d:\documents\faculdade\4ºano\2ºsemestre\computação gráfica\tp3\cg_11\cg_11\debug\link.7584-rc.write.1.tlog
d:\documents\faculdade\4ºano\2ºsemestre\computação gráfica\tp3\cg_11\cg_11\debug\link.7584.read.1.tlog
d:\documents\faculdade\4ºano\2ºsemestre\computação gráfica\tp3\cg_11\cg_11\debug\link.7584.write.1.tlog
d:\documents\faculdade\4ºano\2ºsemestre\computação gráfica\tp3\cg_11\cg_11\debug\link.8080-cvtres.read.1.tlog
d:\documents\faculdade\4ºano\2ºsemestre\computação gráfica\tp3\cg_11\cg_11\debug\link.8080-cvtres.write.1.tlog
d:\documents\faculdade\4ºano\2ºsemestre\computação gráfica\tp3\cg_11\cg_11\debug\link.8080-rc.read.1.tlog
d:\documents\faculdade\4ºano\2ºsemestre\computação gráfica\tp3\cg_11\cg_11\debug\link.8080-rc.write.1.tlog
d:\documents\faculdade\4ºano\2ºsemestre\computação gráfica\tp3\cg_11\cg_11\debug\link.8080.read.1.tlog
d:\documents\faculdade\4ºano\2ºsemestre\computação gráfica\tp3\cg_11\cg_11\debug\link.8080.write.1.tlog
d:\documents\faculdade\4ºano\2ºsemestre\computação gráfica\tp3\cg_11\cg_11\debug\link.8264-cvtres.read.1.tlog
d:\documents\faculdade\4ºano\2ºsemestre\computação gráfica\tp3\cg_11\cg_11\debug\link.8264-cvtres.write.1.tlog
d:\documents\faculdade\4ºano\2ºsemestre\computação gráfica\tp3\cg_11\cg_11\debug\link.8264-rc.read.1.tlog
d:\documents\faculdade\4ºano\2ºsemestre\computação gráfica\tp3\cg_11\cg_11\debug\link.8264-rc.write.1.tlog
d:\documents\faculdade\4ºano\2ºsemestre\computação gráfica\tp3\cg_11\cg_11\debug\link.8264.read.1.tlog
d:\documents\faculdade\4ºano\2ºsemestre\computação gráfica\tp3\cg_11\cg_11\debug\link.8264.write.1.tlog
d:\documents\faculdade\4ºano\2ºsemestre\computação gráfica\tp3\cg_11\cg_11\debug\link.8764-cvtres.read.1.tlog
d:\documents\faculdade\4ºano\2ºsemestre\computação gráfica\tp3\cg_11\cg_11\debug\link.8764-cvtres.write.1.tlog
d:\documents\faculdade\4ºano\2ºsemestre\computação gráfica\tp3\cg_11\cg_11\debug\link.8764-rc.read.1.tlog
d:\documents\faculdade\4ºano\2ºsemestre\computação gráfica\tp3\cg_11\cg_11\debug\link.8764-rc.write.1.tlog
d:\documents\faculdade\4ºano\2ºsemestre\computação gráfica\tp3\cg_11\cg_11\debug\link.8764.read.1.tlog
d:\documents\faculdade\4ºano\2ºsemestre\computação gráfica\tp3\cg_11\cg_11\debug\link.8764.write.1.tlog
d:\documents\faculdade\4ºano\2ºsemestre\computação gráfica\tp3\cg_11\cg_11\debug\link.9000-cvtres.read.1.tlog
d:\documents\faculdade\4ºano\2ºsemestre\computação gráfica\tp3\cg_11\cg_11\debug\link.9000-cvtres.write.1.tlog
d:\documents\faculdade\4ºano\2ºsemestre\computação gráfica\tp3\cg_11\cg_11\debug\link.9000-rc.read.1.tlog
d:\documents\faculdade\4ºano\2ºsemestre\computação gráfica\tp3\cg_11\cg_11\debug\link.9000-rc.write.1.tlog
d:\documents\faculdade\4ºano\2ºsemestre\computação gráfica\tp3\cg_11\cg_11\debug\link.9000.read.1.tlog
d:\documents\faculdade\4ºano\2ºsemestre\computação gráfica\tp3\cg_11\cg_11\debug\link.9000.write.1.tlog
d:\documents\faculdade\4ºano\2ºsemestre\computação gráfica\tp3\cg_11\cg_11\debug\link.9168-cvtres.read.1.tlog
d:\documents\faculdade\4ºano\2ºsemestre\computação gráfica\tp3\cg_11\cg_11\debug\link.9168-cvtres.write.1.tlog
d:\documents\faculdade\4ºano\2ºsemestre\computação gráfica\tp3\cg_11\cg_11\debug\link.9168-rc.read.1.tlog
d:\documents\faculdade\4ºano\2ºsemestre\computação gráfica\tp3\cg_11\cg_11\debug\link.9168-rc.write.1.tlog
d:\documents\faculdade\4ºano\2ºsemestre\computação gráfica\tp3\cg_11\cg_11\debug\link.9168.read.1.tlog
d:\documents\faculdade\4ºano\2ºsemestre\computação gráfica\tp3\cg_11\cg_11\debug\link.9168.write.1.tlog
d:\documents\faculdade\4ºano\2ºsemestre\computação gráfica\tp3\cg_11\cg_11\debug\link.9180-cvtres.read.1.tlog
d:\documents\faculdade\4ºano\2ºsemestre\computação gráfica\tp3\cg_11\cg_11\debug\link.9180-cvtres.write.1.tlog
d:\documents\faculdade\4ºano\2ºsemestre\computação gráfica\tp3\cg_11\cg_11\debug\link.9180-rc.read.1.tlog
d:\documents\faculdade\4ºano\2ºsemestre\computação gráfica\tp3\cg_11\cg_11\debug\link.9180-rc.write.1.tlog
d:\documents\faculdade\4ºano\2ºsemestre\computação gráfica\tp3\cg_11\cg_11\debug\link.9180.read.1.tlog
d:\documents\faculdade\4ºano\2ºsemestre\computação gráfica\tp3\cg_11\cg_11\debug\link.9180.write.1.tlog
d:\documents\faculdade\4ºano\2ºsemestre\computação gráfica\tp3\cg_11\cg_11\debug\link.9260-cvtres.read.1.tlog
d:\documents\faculdade\4ºano\2ºsemestre\computação gráfica\tp3\cg_11\cg_11\debug\link.9260-cvtres.write.1.tlog
d:\documents\faculdade\4ºano\2ºsemestre\computação gráfica\tp3\cg_11\cg_11\debug\link.9260-rc.read.1.tlog
d:\documents\faculdade\4ºano\2ºsemestre\computação gráfica\tp3\cg_11\cg_11\debug\link.9260-rc.write.1.tlog
d:\documents\faculdade\4ºano\2ºsemestre\computação gráfica\tp3\cg_11\cg_11\debug\link.9260.read.1.tlog
d:\documents\faculdade\4ºano\2ºsemestre\computação gráfica\tp3\cg_11\cg_11\debug\link.9260.write.1.tlog
d:\documents\faculdade\4ºano\2ºsemestre\computação gráfica\tp3\cg_11\cg_11\debug\link.9484-cvtres.read.1.tlog
d:\documents\faculdade\4ºano\2ºsemestre\computação gráfica\tp3\cg_11\cg_11\debug\link.9484-cvtres.write.1.tlog
d:\documents\faculdade\4ºano\2ºsemestre\computação gráfica\tp3\cg_11\cg_11\debug\link.9484-rc.read.1.tlog
d:\documents\faculdade\4ºano\2ºsemestre\computação gráfica\tp3\cg_11\cg_11\debug\link.9484-rc.write.1.tlog
d:\documents\faculdade\4ºano\2ºsemestre\computação gráfica\tp3\cg_11\cg_11\debug\link.9484.read.1.tlog
d:\documents\faculdade\4ºano\2ºsemestre\computação gráfica\tp3\cg_11\cg_11\debug\link.9484.write.1.tlog
d:\documents\faculdade\4ºano\2ºsemestre\computação gráfica\tp3\cg_11\cg_11\debug\link.9612-cvtres.read.1.tlog
d:\documents\faculdade\4ºano\2ºsemestre\computação gráfica\tp3\cg_11\cg_11\debug\link.9612-cvtres.write.1.tlog
d:\documents\faculdade\4ºano\2ºsemestre\computação gráfica\tp3\cg_11\cg_11\debug\link.9612-rc.read.1.tlog
d:\documents\faculdade\4ºano\2ºsemestre\computação gráfica\tp3\cg_11\cg_11\debug\link.9612-rc.write.1.tlog
d:\documents\faculdade\4ºano\2ºsemestre\computação gráfica\tp3\cg_11\cg_11\debug\link.9612.read.1.tlog
d:\documents\faculdade\4ºano\2ºsemestre\computação gráfica\tp3\cg_11\cg_11\debug\link.9612.write.1.tlog
d:\documents\faculdade\4ºano\2ºsemestre\computação gráfica\tp3\cg_11\cg_11\debug\link.9732-cvtres.read.1.tlog
d:\documents\faculdade\4ºano\2ºsemestre\computação gráfica\tp3\cg_11\cg_11\debug\link.9732-cvtres.write.1.tlog
d:\documents\faculdade\4ºano\2ºsemestre\computação gráfica\tp3\cg_11\cg_11\debug\link.9732-rc.read.1.tlog
d:\documents\faculdade\4ºano\2ºsemestre\computação gráfica\tp3\cg_11\cg_11\debug\link.9732-rc.write.1.tlog
d:\documents\faculdade\4ºano\2ºsemestre\computação gráfica\tp3\cg_11\cg_11\debug\link.9732.read.1.tlog
d:\documents\faculdade\4ºano\2ºsemestre\computação gráfica\tp3\cg_11\cg_11\debug\link.9732.write.1.tlog
d:\documents\faculdade\4ºano\2ºsemestre\computação gráfica\tp3\cg_11\cg_11\debug\link.9796-cvtres.read.1.tlog
d:\documents\faculdade\4ºano\2ºsemestre\computação gráfica\tp3\cg_11\cg_11\debug\link.9796-cvtres.write.1.tlog
d:\documents\faculdade\4ºano\2ºsemestre\computação gráfica\tp3\cg_11\cg_11\debug\link.9796-rc.read.1.tlog
d:\documents\faculdade\4ºano\2ºsemestre\computação gráfica\tp3\cg_11\cg_11\debug\link.9796-rc.write.1.tlog
d:\documents\faculdade\4ºano\2ºsemestre\computação gráfica\tp3\cg_11\cg_11\debug\link.9796.read.1.tlog
d:\documents\faculdade\4ºano\2ºsemestre\computação gráfica\tp3\cg_11\cg_11\debug\link.9796.write.1.tlog
d:\documents\faculdade\4ºano\2ºsemestre\computação gráfica\tp3\cg_11\cg_11\debug\link.command.1.tlog
d:\documents\faculdade\4ºano\2ºsemestre\computação gráfica\tp3\cg_11\cg_11\debug\link.read.1.tlog
d:\documents\faculdade\4ºano\2ºsemestre\computação gráfica\tp3\cg_11\cg_11\debug\link.write.1.tlog
d:\documents\faculdade\4ºano\2ºsemestre\computação gráfica\tp3\cg_11\cg_11\debug\vc110.idb
d:\documents\faculdade\4ºano\2ºsemestre\computação gráfica\tp3\cg_11\cg_11\debug\vc110.pdb
d:\documents\faculdade\4ºano\2ºsemestre\computação gráfica\tp3\cg_11\cg_11\debug\cg_11.tlog\cl.command.1.tlog
d:\documents\faculdade\4ºano\2ºsemestre\computação gráfica\tp3\cg_11\cg_11\debug\cg_11.tlog\cl.read.1.tlog
d:\documents\faculdade\4ºano\2ºsemestre\computação gráfica\tp3\cg_11\cg_11\debug\cg_11.tlog\cl.write.1.tlog
d:\documents\faculdade\4ºano\2ºsemestre\computação gráfica\tp3\cg_11\cg_11\debug\cg_11.tlog\link.command.1.tlog
d:\documents\faculdade\4ºano\2ºsemestre\computação gráfica\tp3\cg_11\cg_11\debug\cg_11.tlog\link.delete.1.tlog
d:\documents\faculdade\4ºano\2ºsemestre\computação gráfica\tp3\cg_11\cg_11\debug\cg_11.tlog\link.read.1.tlog
d:\documents\faculdade\4ºano\2ºsemestre\computação gráfica\tp3\cg_11\cg_11\debug\cg_11.tlog\link.write.1.tlog
